<?xml version="1.0" encoding="UTF-8"?>
<!-- Generated by org.testng.reporters.JUnitReportReporter -->
<testsuite skipped="0" hostname="Jaskaran" name="testNgconcepts.DataProvidersConcept" tests="2" failures="0" timestamp="10 Oct 2020 14:52:37 GMT" time="21.504" errors="0">
  <testcase name="login" time="10.246" classname="testNgconcepts.DataProvidersConcept"/>
  <testcase name="login" time="11.258" classname="testNgconcepts.DataProvidersConcept"/>
</testsuite> <!-- testNgconcepts.DataProvidersConcept -->
