<?xml version="1.0" encoding="UTF-8"?>
<!-- Generated by org.testng.reporters.JUnitReportReporter -->
<testsuite skipped="0" hostname="Jaskaran" name="testNgconcepts.TestNgCode" tests="2" failures="0" timestamp="09 Oct 2020 01:58:33 GMT" time="0.013" errors="0">
  <testcase name="displayMessage" time="0.012" classname="testNgconcepts.TestNgCode"/>
  <testcase name="displayName" time="0.001" classname="testNgconcepts.TestNgCode"/>
</testsuite> <!-- testNgconcepts.TestNgCode -->
